Pin: pin-3.13-98189-60a6ef199
Copyright 2002-2019 Intel Corporation.
 Invalid RTN mov rdx, qword ptr [rip+0x3343e9]
 Invalid RTN lea rax, ptr [rip+0xbaff2]
 Invalid RTN test dword ptr [rdx+0xb8], 0x40
 Invalid RTN jnz 0x7f3b06b27ad3
 Invalid RTN test dword ptr [rdx+0xb8], 0x200
 Invalid RTN jnz 0x7f3b06b27ab9
 Invalid RTN lea rax, ptr [rip+0xb70c3]
 Invalid RTN test dword ptr [rdx+0x80], 0x100000
 Invalid RTN jnz 0x7f3b06b27ad3
 Invalid RTN ret 
 Invalid RTN lea rax, ptr [rip+0xd0301]
 Invalid RTN sub rsp, 0x28
 Invalid RTN lea rcx, ptr [rip+0xd02fb]
 Invalid RTN mov dword ptr [rsp+0xc], 0x1
 Invalid RTN mov dword ptr [rsp+0x8], 0x3ae75f6
 Invalid RTN mov edx, 0x5f
 Invalid RTN mov qword ptr [rsp], rax
 Invalid RTN mov eax, 0x50e3a8
 Invalid RTN shl rax, 0x4
 Invalid RTN add rcx, 0x1
 Invalid RTN add rax, rdx
 Invalid RTN mov rdx, rax
 Invalid RTN and edx, 0xf0000000
 Invalid RTN shr rdx, 0x18
 Invalid RTN xor rax, rdx
 Invalid RTN movzx edx, byte ptr [rcx]
 Invalid RTN test dl, dl
 Invalid RTN jnz 0x7f3b06b54430
 Invalid RTN and eax, 0xfffffff
 Invalid RTN cmp rax, 0x3ae75f6
 Invalid RTN jnz 0x7f3b06b5448a
 Invalid RTN lea rdi, ptr [rip+0xd1dc0]
 Invalid RTN mov rsi, rsp
 Invalid RTN mov qword ptr [rsp+0x10], 0x0
 Invalid RTN call 0x7f3b06bdbe80
 Invalid RTN shl rax, 0x4
 Invalid RTN add rcx, 0x1
 Invalid RTN add rax, rdx
 Invalid RTN mov rdx, rax
 Invalid RTN and edx, 0xf0000000
 Invalid RTN shr rdx, 0x18
 Invalid RTN xor rax, rdx
 Invalid RTN movzx edx, byte ptr [rcx]
 Invalid RTN test dl, dl
 Invalid RTN jnz 0x7f3b06b54430
 Invalid RTN and eax, 0xfffffff
 Invalid RTN cmp rax, 0x3ae75f6
 Invalid RTN jnz 0x7f3b06b5448a
 Invalid RTN lea rdi, ptr [rip+0xd1dc0]
 Invalid RTN mov rsi, rsp
 Invalid RTN mov qword ptr [rsp+0x10], 0x0
 Invalid RTN call 0x7f3b06bdbe80
 Invalid RTN mov r10, qword ptr [rip+0x27ffe9]
 Invalid RTN mov rax, qword ptr [r10+0x108]
 Invalid RTN test rax, rax
 Invalid RTN jz 0x7f3b06bdbf18
 Invalid RTN sub rsp, 0x38
 Invalid RTN mov r8, rsi
 Invalid RTN lea rcx, ptr [rax+0x388]
 Invalid RTN lea rdx, ptr [rsp+0x10]
 Invalid RTN mov qword ptr [rsp+0x10], 0x0
 Invalid RTN mov qword ptr [rsp+0x18], 0x0
 Invalid RTN mov qword ptr [rsp+0x20], 0x0
 Invalid RTN mov byte ptr [rsp+0x14], 0x20
 Invalid RTN xor r9d, r9d
 Invalid RTN mov qword ptr [rsp+0x8], rdx
 Invalid RTN mov rsi, rax
 Invalid RTN lea rdx, ptr [rsp+0x8]
 Invalid RTN push 0x0
 Invalid RTN push 0x0
 Invalid RTN call qword ptr [r10+0x138]
 Invalid RTN mov rdx, qword ptr [rsp+0x18]
 Invalid RTN pop rcx
 Invalid RTN pop rsi
 Invalid RTN test rdx, rdx
 Invalid RTN jz 0x7f3b06bdbf08
 Invalid RTN test rax, rax
 Invalid RTN jz 0x7f3b06bdbf10
 Invalid RTN mov rax, qword ptr [rax]
 Invalid RTN add rax, qword ptr [rdx+0x8]
 Invalid RTN add rsp, 0x38
 Invalid RTN ret 
 Invalid RTN lea rdx, ptr [rip-0x8e]
 Invalid RTN test rax, rax
 Invalid RTN cmovz rax, rdx
 Invalid RTN add rsp, 0x28
 Invalid RTN ret 
 Invalid RTN mov rdx, qword ptr [rip+0x338b69]
 Invalid RTN lea rax, ptr [rip+0x22]
 Invalid RTN test dword ptr [rdx+0x80], 0x100000
 Invalid RTN jz 0x7f3b06b23321
 Invalid RTN lea rax, ptr [rip+0xbf3cf]
 Invalid RTN ret 
 Invalid RTN mov rdx, qword ptr [rip+0x3320f9]
 Invalid RTN lea rax, ptr [rip+0xba372]
 Invalid RTN test dword ptr [rdx+0xb8], 0x40
 Invalid RTN jnz 0x7f3b06b29dc3
 Invalid RTN test dword ptr [rdx+0xb8], 0x200
 Invalid RTN jnz 0x7f3b06b29da9
 Invalid RTN lea rax, ptr [rip+0xb6983]
 Invalid RTN test dword ptr [rdx+0x80], 0x100000
 Invalid RTN jnz 0x7f3b06b29dc3
 Invalid RTN ret 
 Invalid RTN mov rdx, qword ptr [rip+0x3366f9]
 Invalid RTN lea rax, ptr [rip+0x22]
 Invalid RTN test dword ptr [rdx+0x80], 0x100000
 Invalid RTN jz 0x7f3b06b25791
 Invalid RTN lea rax, ptr [rip+0xbd09f]
 Invalid RTN ret 
 Invalid RTN mov rdx, qword ptr [rip+0x336369]
 Invalid RTN lea rax, ptr [rip+0x22]
 Invalid RTN test dword ptr [rdx+0x80], 0x100000
 Invalid RTN jz 0x7f3b06b25b21
 Invalid RTN lea rax, ptr [rip+0xbce3f]
 Invalid RTN ret 
 Invalid RTN lea rax, ptr [rip+0xd0221]
 Invalid RTN sub rsp, 0x28
 Invalid RTN lea rcx, ptr [rip+0xd021b]
 Invalid RTN mov dword ptr [rsp+0xc], 0x1
 Invalid RTN mov dword ptr [rsp+0x8], 0x3ae75f6
 Invalid RTN mov edx, 0x5f
 Invalid RTN mov qword ptr [rsp], rax
 Invalid RTN mov eax, 0x50e3a8
 Invalid RTN shl rax, 0x4
 Invalid RTN add rcx, 0x1
 Invalid RTN add rax, rdx
 Invalid RTN mov rdx, rax
 Invalid RTN and edx, 0xf0000000
 Invalid RTN shr rdx, 0x18
 Invalid RTN xor rax, rdx
 Invalid RTN movzx edx, byte ptr [rcx]
 Invalid RTN test dl, dl
 Invalid RTN jnz 0x7f3b06b54510
 Invalid RTN and eax, 0xfffffff
 Invalid RTN cmp rax, 0x3ae75f6
 Invalid RTN jnz 0x7f3b06b5456a
 Invalid RTN lea rdi, ptr [rip+0xd1cec]
 Invalid RTN mov rsi, rsp
 Invalid RTN mov qword ptr [rsp+0x10], 0x0
 Invalid RTN call 0x7f3b06bdbe80
 Invalid RTN shl rax, 0x4
 Invalid RTN add rcx, 0x1
 Invalid RTN add rax, rdx
 Invalid RTN mov rdx, rax
 Invalid RTN and edx, 0xf0000000
 Invalid RTN shr rdx, 0x18
 Invalid RTN xor rax, rdx
 Invalid RTN movzx edx, byte ptr [rcx]
 Invalid RTN test dl, dl
 Invalid RTN jnz 0x7f3b06b54510
 Invalid RTN and eax, 0xfffffff
 Invalid RTN cmp rax, 0x3ae75f6
 Invalid RTN jnz 0x7f3b06b5456a
 Invalid RTN lea rdi, ptr [rip+0xd1cec]
 Invalid RTN mov rsi, rsp
 Invalid RTN mov qword ptr [rsp+0x10], 0x0
 Invalid RTN call 0x7f3b06bdbe80
 Invalid RTN lea rdx, ptr [rip-0xae]
 Invalid RTN test rax, rax
 Invalid RTN cmovz rax, rdx
 Invalid RTN add rsp, 0x28
 Invalid RTN ret 
 Invalid RTN mov rcx, qword ptr [rip+0x334c9e]
 Invalid RTN lea rax, ptr [rip+0x11797]
 Invalid RTN mov edx, dword ptr [rcx+0xb8]
 Invalid RTN mov esi, edx
 Invalid RTN and esi, 0x21000
 Invalid RTN cmp esi, 0x21000
 Invalid RTN jz 0x7f3b06b27220
 Invalid RTN test dh, 0x8
 Invalid RTN lea rax, ptr [rip+0xbe8b7]
 Invalid RTN jnz 0x7f3b06b27220
 Invalid RTN test byte ptr [rcx+0x81], 0x2
 Invalid RTN lea rax, ptr [rip-0x199]
 Invalid RTN jz 0x7f3b06b27220
 Invalid RTN ret 
 Exe register_tm_clones
 INSTSELECTOR: instruction to be included mov esi, 0x601040
 Exe register_tm_clones
 INSTSELECTOR: instruction to be included push rbp
 Exe register_tm_clones
 INSTSELECTOR: instruction to be included sub rsi, 0x601040
 Exe register_tm_clones
 INSTSELECTOR: instruction to be included sar rsi, 0x3
 Exe register_tm_clones
 INSTSELECTOR: instruction to be included mov rbp, rsp
 Exe register_tm_clones
 INSTSELECTOR: instruction to be included mov rax, rsi
 Exe register_tm_clones
 INSTSELECTOR: instruction to be included shr rax, 0x3f
 Exe register_tm_clones
 INSTSELECTOR: instruction to be included add rsi, rax
 Exe register_tm_clones
 INSTSELECTOR: instruction to be included sar rsi, 0x1
 Exe register_tm_clones
 instcount: branch/ret inst: jz 0x400548
 Exe register_tm_clones
 INSTSELECTOR: instruction to be included mov eax, 0x0
 Exe register_tm_clones
 INSTSELECTOR: instruction to be included test rax, rax
 Exe register_tm_clones
 instcount: branch/ret inst: jz 0x400548
 Exe register_tm_clones
 INSTSELECTOR: instruction to be included pop rbp
 Exe register_tm_clones
 INSTSELECTOR: instruction to be included mov edi, 0x601040
 Exe register_tm_clones
 instcount: branch/ret inst: jmp rax
 Exe register_tm_clones
 INSTSELECTOR: instruction to be included pop rbp
 Exe register_tm_clones
 instcount: branch/ret inst: ret 
 Exe main
 INSTSELECTOR: instruction to be included push rbp
 Exe main
 INSTSELECTOR: instruction to be included mov rbp, rsp
 Exe main
 INSTSELECTOR: instruction to be included sub rsp, 0x40
 Exe main
 INSTSELECTOR: instruction to be included mov rax, qword ptr fs:[0x28]
 Exe main
 Exe main
 INSTSELECTOR: instruction to be included xor eax, eax
 Exe main
 Exe main
 Exe main
 Exe main
 Exe main
 Exe main
 Exe main
 Exe main
 Exe main
 Exe main
 Exe main
 Exe main
 INSTSELECTOR: instruction to be included cmp dword ptr [rbp-0x34], 0x9
 Exe main
 instcount: branch/ret inst: jnle 0x400623
 Exe main
 INSTSELECTOR: instruction to be included mov eax, dword ptr [rbp-0x34]
 Exe main
 INSTSELECTOR: instruction to be included cdqe 
 Exe main
 INSTSELECTOR: instruction to be included mov edx, dword ptr [rbp+rax*4-0x30]
 Exe main
 INSTSELECTOR: instruction to be included mov eax, dword ptr [rbp-0x34]
 Exe main
 INSTSELECTOR: instruction to be included mov esi, eax
 Exe main
 INSTSELECTOR: instruction to be included mov edi, 0x4006c4
 Exe main
 INSTSELECTOR: instruction to be included mov eax, 0x0
 Exe main
 instcount: branch/ret inst: call 0x400470
 Exe main
 INSTSELECTOR: instruction to be included add dword ptr [rbp-0x34], 0x1
 Exe main
 instcount: branch/ret inst: jmp 0x4005fa
 Exe main
 INSTSELECTOR: instruction to be included cmp dword ptr [rbp-0x34], 0x9
 Exe main
 instcount: branch/ret inst: jnle 0x400623
 Exe main
 INSTSELECTOR: instruction to be included mov eax, dword ptr [rbp-0x34]
 Exe main
 INSTSELECTOR: instruction to be included cdqe 
 Exe main
 INSTSELECTOR: instruction to be included mov edx, dword ptr [rbp+rax*4-0x30]
 Exe main
 INSTSELECTOR: instruction to be included mov eax, dword ptr [rbp-0x34]
 Exe main
 INSTSELECTOR: instruction to be included mov esi, eax
 Exe main
 INSTSELECTOR: instruction to be included mov edi, 0x4006c4
 Exe main
 INSTSELECTOR: instruction to be included mov eax, 0x0
 Exe main
 instcount: branch/ret inst: call 0x400470
 Exe main
 INSTSELECTOR: instruction to be included add dword ptr [rbp-0x34], 0x1
 Exe main
 instcount: branch/ret inst: jmp 0x4005fa
 Exe main
 INSTSELECTOR: instruction to be included mov eax, 0x0
 Exe main
 INSTSELECTOR: instruction to be included mov rcx, qword ptr [rbp-0x8]
 Exe main
 INSTSELECTOR: instruction to be included xor rcx, qword ptr fs:[0x28]
 Exe main
 instcount: branch/ret inst: jz 0x40063c
 Exe main
 instcount: branch/ret inst: call 0x400460
 Exe main
 INSTSELECTOR: instruction to be included leave 
 Exe main
 instcount: branch/ret inst: ret 
 Exe deregister_tm_clones
 INSTSELECTOR: instruction to be included mov eax, 0x601047
 Exe deregister_tm_clones
 INSTSELECTOR: instruction to be included push rbp
 Exe deregister_tm_clones
 INSTSELECTOR: instruction to be included sub rax, 0x601040
 Exe deregister_tm_clones
 INSTSELECTOR: instruction to be included cmp rax, 0xe
 Exe deregister_tm_clones
 INSTSELECTOR: instruction to be included mov rbp, rsp
 Exe deregister_tm_clones
 instcount: branch/ret inst: jbe 0x400500
 Exe deregister_tm_clones
 INSTSELECTOR: instruction to be included mov eax, 0x0
 Exe deregister_tm_clones
 INSTSELECTOR: instruction to be included test rax, rax
 Exe deregister_tm_clones
 instcount: branch/ret inst: jz 0x400500
 Exe deregister_tm_clones
 INSTSELECTOR: instruction to be included pop rbp
 Exe deregister_tm_clones
 INSTSELECTOR: instruction to be included mov edi, 0x601040
 Exe deregister_tm_clones
 instcount: branch/ret inst: jmp rax
 Exe deregister_tm_clones
 INSTSELECTOR: instruction to be included pop rbp
 Exe deregister_tm_clones
 instcount: branch/ret inst: ret 
